<?xml version="1.0" encoding="UTF-8"?>
<!-- Generated by org.testng.reporters.JUnitReportReporter -->
<testsuite hostname="DESKTOP-JSOO272" failures="0" tests="1" name="shopno_test1.location_check" time="23.658" errors="0" timestamp="06 Feb 2021 17:40:28 GMT" skipped="0">
  <testcase classname="shopno_test1.location_check" name="ChooseLocation" time="23.658"/>
</testsuite> <!-- shopno_test1.location_check -->
